<?xml version="1.0" encoding="UTF-8"?>
<testsuites>
  <testsuite errors="0" failures="0" tests="5" skipped="0" name=".Users.robertoosoriosanhueza.Workspace.rokeet.flutter.rokeet_ui.core.test.src.rokeet" timestamp="2021-05-13T01:59:52">
    <properties>
      <property name="platform" value="vm"/>
    </properties>
    <testcase classname=".Users.robertoosoriosanhueza.Workspace.rokeet.flutter.rokeet_ui.core.test.src.rokeet" name="Rokeet should init with config" time="0.065"/>
    <testcase classname=".Users.robertoosoriosanhueza.Workspace.rokeet.flutter.rokeet_ui.core.test.src.rokeet" name="Rokeet should init and register builders" time="0.006"/>
    <testcase classname=".Users.robertoosoriosanhueza.Workspace.rokeet.flutter.rokeet_ui.core.test.src.rokeet" name="Rokeet should init and register performers" time="0.005"/>
    <testcase classname=".Users.robertoosoriosanhueza.Workspace.rokeet.flutter.rokeet_ui.core.test.src.rokeet" name="Rokeet should build widget" time="0.011"/>
    <testcase classname=".Users.robertoosoriosanhueza.Workspace.rokeet.flutter.rokeet_ui.core.test.src.rokeet" name="Rokeet should perform action" time="0.011"/>
  </testsuite>
  <testsuite errors="0" failures="0" tests="1" skipped="0" name=".Users.robertoosoriosanhueza.Workspace.rokeet.flutter.rokeet_ui.core.test.src.widgets.button_widget_builder" timestamp="2021-05-13T01:59:52">
    <properties>
      <property name="platform" value="vm"/>
    </properties>
    <testcase classname=".Users.robertoosoriosanhueza.Workspace.rokeet.flutter.rokeet_ui.core.test.src.widgets.button_widget_builder" name="Widget Button Test Builder should build a Button with Data" time="0.548"/>
  </testsuite>
  <testsuite errors="0" failures="0" tests="1" skipped="0" name=".Users.robertoosoriosanhueza.Workspace.rokeet.flutter.rokeet_ui.core.test.src.widgets.vertical_container_widget_builder" timestamp="2021-05-13T01:59:52">
    <properties>
      <property name="platform" value="vm"/>
    </properties>
    <testcase classname=".Users.robertoosoriosanhueza.Workspace.rokeet.flutter.rokeet_ui.core.test.src.widgets.vertical_container_widget_builder" name="Vertical Container Widget Builder should create vertical container with children" time="0.511"/>
  </testsuite>
  <testsuite errors="0" failures="0" tests="1" skipped="0" name=".Users.robertoosoriosanhueza.Workspace.rokeet.flutter.rokeet_ui.core.test.src.widgets.label_widget_builder" timestamp="2021-05-13T01:59:52">
    <properties>
      <property name="platform" value="vm"/>
    </properties>
    <testcase classname=".Users.robertoosoriosanhueza.Workspace.rokeet.flutter.rokeet_ui.core.test.src.widgets.label_widget_builder" name="Label Widget Builder Test Builder should build a Label with Data" time="0.21"/>
  </testsuite>
</testsuites>